                                  1 	#$$m2		- PowerPC mnemonics
                                  2 	#$$pVLE		- PowerPC VLE encoding
                                  3 	#$$oPPC5534  - Optimized for PPC5534
                                  4 	#$$ko 9		- Reorder info
                                  5 		.file		"main.c"
                                  6 	#$$eb
                                  7 	#$$sz 0
                                  8 	#$$fp 0
                                  9 		.section	.PPC.EMB.apuinfo,,@note
  00000000 01  0000 0008         10 		.4byte		8
  00000004 01  0000 0004         11 		.4byte		4
  00000008 01  0000 0002         12 		.4byte		2
  0000000c 01  4150 5569 6e66    13 		.byte		"APUinfo"
  00000012 01  6f                   	
  00000013 01  00                14 		.byte		0
                                 15 		.align		2
  00000014 01  0104 0001         16 		.4byte		0x01040001
                                 17 		.section	.text_vle,,c
                                 18 		.section	.debug_frame,,n
                                 19 	__local_cie: 
  00000000 02  0000 0010         20 		.word	.LE-.LS
                                 21 	.LS:
  00000004 02  ffff ffff         22 		.word	-1
  00000008 02  01                23 		.byte	1
  00000009 02  00                24 		.byte	0
  0000000a 02  04                25 		.uleb128	4
  0000000b 02  7c                26 		.sleb128	-4
  0000000c 02  6c                27 		.byte	108
  0000000d 02  0c                28 		.byte	0x0c
  0000000e 02  01                29 		.byte	1
  0000000f 02  00                30 		.byte	0
  00000010 02  08                31 		.byte	8
  00000011 02  6c                32 		.byte	108
                                 33 		.fill           (.LS-.)&3
                                 34 	.LE:
                                 35 		.section	.debug_line,,n
                                 36 	.L8:
                                 37 		.section	.text_vle,,c
                                 38 	.L4:
  00000000 00                    39 		.0byte		.L2
  00000000 03  0000 00dd 0002    40 		.d2_line_start	.debug_line
  00000006 03  0000 0013 0201       	
  0000000c 03  ff04 0d00 0101       	
  00000012 03  0101 0000 0001       	
  00000018 03  0000 0100 00         	
                                 41 		.section	.debug_abbrev,,n
                                 42 	.L9:
                                 43 		.section	.debug_info,,n
                                 44 	.L2:
  00000000 05  0000 01c1         45 		.4byte		.L3-.L1
                                 46 	.L1:
  00000004 05  0002              47 		.2byte		0x2
  00000006 05  0000 0000         48 		.4byte		.L9
  0000000a 05  04                49 		.byte		0x4
                                 50 		.section	.debug_abbrev,,n
  00000000 04  01                51 		.uleb128	1
  00000001 04  11                52 		.uleb128	17
  00000002 04  01                53 		.byte		0x1
  00000003 04  01                54 		.uleb128	1
  00000004 04  13                55 		.uleb128	19
  00000005 04  03                56 		.uleb128	3
  00000006 04  08                57 		.uleb128	8
  00000007 04  25                58 		.uleb128	37
  00000008 04  08                59 		.uleb128	8
  00000009 04  1b                60 		.uleb128	27
  0000000a 04  08                61 		.uleb128	8
  0000000b 04  13                62 		.uleb128	19
  0000000c 04  0f                63 		.uleb128	15
  0000000d 04  11                64 		.uleb128	17
  0000000e 04  01                65 		.uleb128	1
  0000000f 04  12                66 		.uleb128	18
  00000010 04  01                67 		.uleb128	1
  00000011 04  10                68 		.uleb128	16
  00000012 04  06                69 		.uleb128	6
  00000013 04  00                70 		.uleb128	0
  00000014 04  00                71 		.uleb128	0
                                 72 		.section	.debug_info,,n
  0000000b 05  01                73 		.sleb128	1
  0000000c 05  0000 01c4         74 		.4byte		.L7-.L2
  00000010 05  433a 5c55 7365    75 		.byte		"C:\\Users\\ASE-Lab\\Desktop\\Unit 1\\Template\\src\\main.c"
  00000016 05  7273 5c41 5345       	
  0000001c 05  2d4c 6162 5c44       	
  00000022 05  6573 6b74 6f70       	
  00000028 05  5c55 6e69 7420       	
  0000002e 05  315c                 	
  00000043 05  00                76 		.byte		0
  00000044 05  4469 6162 2044    77 		.byte		"Diab Data, Inc:dcc Rel 5.7.0.0:PPC5534"
  0000004a 05  6174 612c 2049       	
  00000050 05  6e63 3a64 6363       	
  00000056 05  2052 656c 2035       	
  0000005c 05  2e37 2e30 2e30       	
  00000062 05  3a50                 	
  0000006a 05  00                78 		.byte		0
  0000006b 05  433a 5c55 7365    79 		.byte		"C:\\Users\\ASE-Lab\\Desktop\\Unit 1\\Template"
  00000071 05  7273 5c41 5345       	
  00000077 05  2d4c 6162 5c44       	
  0000007d 05  6573 6b74 6f70       	
  00000083 05  5c55 6e69 7420       	
  00000089 05  315c                 	
  00000093 05  00                80 		.byte		0
  00000094 05  01                81 		.uleb128	1
  00000095 05  0000 0000         82 		.4byte		.L4
  00000099 05  0000 0000         83 		.4byte		.L5
  0000009d 05  0000 0000         84 		.4byte		.L8
                                 85 		.section	.text_vle,,c
                                 86 	
                                 87 	#$$bf
                                 88 		.align		2
                                 89 		.globl		main
  00000014 02  0000 0024 0000    90 		.d2_cfa_start __local_cie
  0000001a 02  0000 0000 0000       	
  00000020 02  0000 00b4            	
                                 91 	main:
                                 92 		.section	.debug_abbrev,,n
  00000015 04  02                93 		.uleb128	2
  00000016 04  2e                94 		.uleb128	46
  00000017 04  01                95 		.byte		0x1
  00000018 04  01                96 		.uleb128	1
  00000019 04  13                97 		.uleb128	19
  0000001a 04  03                98 		.uleb128	3
  0000001b 04  08                99 		.uleb128	8
  0000001c 04  3a               100 		.uleb128	58
  0000001d 04  06               101 		.uleb128	6
  0000001e 04  3b               102 		.uleb128	59
  0000001f 04  0f               103 		.uleb128	15
  00000020 04  3f               104 		.uleb128	63
  00000021 04  0c               105 		.uleb128	12
  00000022 04  27               106 		.uleb128	39
  00000023 04  0c               107 		.uleb128	12
  00000024 04  11               108 		.uleb128	17
  00000025 04  01               109 		.uleb128	1
  00000026 04  12               110 		.uleb128	18
  00000027 04  01               111 		.uleb128	1
  00000028 04  00               112 		.uleb128	0
  00000029 04  00               113 		.uleb128	0
                                114 		.section	.debug_info,,n
                                115 	.L5805:
  000000a1 05  02               116 		.sleb128	2
  000000a2 05  0000 00bb        117 		.4byte		.L5801-.L2
  000000a6 05  6d61 696e        118 		.byte		"main"
  000000aa 05  00               119 		.byte		0
  000000ab 05  0000 0001        120 		.4byte		.L5804
  000000af 05  11               121 		.uleb128	17
  000000b0 05  01               122 		.byte		0x1
  000000b1 05  01               123 		.byte		0x1
  000000b2 05  0000 0000        124 		.4byte		.L5802
  000000b6 05  0000 0000        125 		.4byte		.L5803
                                126 		.section	.text_vle,,c
  0000001d 03  003f 0343 3a5c   127 		.d2file		"C:\\Users\\ASE-Lab\\Desktop\\Unit 1\\Template\\src\\main.c"
  00000023 03  5c55 7365 7273       	
  00000029 03  5c5c 4153 452d       	
  0000002f 03  4c61 625c 5c44       	
  00000035 03  6573 6b74 6f70       	
  0000003b 03  5c5c                 	
  00000060 03  0005 0200 0000   128 	        .d2line         18
  00000066 03  0003 110e            	
                                129 	.L5802:
  00000000 00  1821 06d0        130 		e_stwu		r1,-48(r1)
  00000024 02  410e 30          131 		.d2_cfa_def_cfa_offset	48
  00000004 00  0080             132 		se_mflr		r0,lr
                                133 	#$$br
  00000006 00  1b01 0910        134 		e_stmw		r24,16(r1)
  00000027 02  4198 0899 079a   135 		.d2_cfa_offset_list	24,31,8,-1
  0000002d 02  069b 059c 049d       	
  00000033 02  039e 029f 01         	
                                136 	#$$er
  0000000a 00  dd01             137 		se_stw		r0,52(r1)
  00000038 02  116c 7f          138 		.d2_cfa_offset    108,-1
                                139 	#$$ee
  0000006a 03  0206 0a          140 		.d2prologue_end
  0000006d 03  10               141 	        .d2line         20
                                142 	#$$fn 0x1ff8 0 0 0x1
                                143 	#$$tl 0x0 0x0 0x0
                                144 	#$$rs 0 s
  0000000c 00  7800 0001        145 		bl		Init
  0000006e 03  17               146 	        .d2line         21
  00000010 00  4813             147 		se_li		r3,1
  00000012 00  7080 03e8        148 		e_li		r4,1000
                                149 	#$$fn 0x1ff8 0 0 0x1
                                150 	#$$tl 0x18 0x0 0x0
                                151 	#$$rs 0 s
  00000016 00  7800 0001        152 		bl		PIT_ConfigureTimer
  0000001a 00  73f8 e3f9        153 		e_lis		r31,50169
  0000006f 03  2b               154 	        .d2line         22
  0000001e 00  4816             155 		se_li		r6,1
  00000020 00  34df 0609        156 		e_stb		r6,1545(r31)
                                157 	#$$vo
  00000024 00  73d8 e3f9        158 		e_lis		r30,50169
  00000070 03  23               159 	        .d2line         23
  00000028 00  4816             160 		se_li		r6,1
  0000002a 00  34de 062a        161 		e_stb		r6,1578(r30)
                                162 	#$$vo
  0000002e 00  73b8 e3f9        163 		e_lis		r29,50169
  00000071 03  23               164 	        .d2line         24
  00000032 00  4816             165 		se_li		r6,1
  00000034 00  34dd 060d        166 		e_stb		r6,1549(r29)
                                167 	#$$vo
  00000038 00  7398 e3f9        168 		e_lis		r28,50169
  00000072 03  23               169 	        .d2line         25
  0000003c 00  4816             170 		se_li		r6,1
  0000003e 00  34dc 060c        171 		e_stb		r6,1548(r28)
                                172 	#$$vo
  00000042 00  7378 e3f9        173 		e_lis		r27,50169
  00000073 03  23               174 	        .d2line         26
  00000046 00  4816             175 		se_li		r6,1
  00000048 00  34db 063e        176 		e_stb		r6,1598(r27)
                                177 	#$$vo
  0000004c 00  7358 e3f9        178 		e_lis		r26,50169
  00000074 03  23               179 	        .d2line         27
  00000050 00  4816             180 		se_li		r6,1
  00000052 00  34da 063d        181 		e_stb		r6,1597(r26)
                                182 	#$$vo
  00000056 00  7338 e3f9        183 		e_lis		r25,50169
  00000075 03  23               184 	        .d2line         28
  0000005a 00  4816             185 		se_li		r6,1
  0000005c 00  34d9 063b        186 		e_stb		r6,1595(r25)
                                187 	#$$vo
  00000060 00  7318 e3f9        188 		e_lis		r24,50169
  00000076 03  23               189 	        .d2line         29
  00000064 00  4816             190 		se_li		r6,1
  00000066 00  34d8 060b        191 		e_stb		r6,1547(r24)
                                192 	#$$vo
                                193 	.L5782:
  00000077 03  033a 1a          194 	        .d2line         87
  0000006a 00  4807             195 		se_li		r7,0
  0000006c 00  54e0 0000        196 		e_stw		r7,i@sdarx(r0)
                                197 	.L5781:
  00000070 00  50e0 0000        198 		e_lwz		r7,i@sdarx(r0)
  00000074 00  2a87             199 		se_cmpi		r7,8
  00000076 00  e0fa             200 		bc		0,0,.L5782	# ge
  0000007a 03  0303 2a          201 	        .d2line         90
  00000078 00  70e0 e000        202 		e_lis		r7,arrLed@ha
  0000007c 00  1ce7 0000        203 		e_add16i	r7,r7,arrLed@l
  00000080 00  50c0 0000        204 		e_lwz		r6,i@sdarx(r0)
  00000084 00  6c26             205 		se_slwi		r6,2
  00000086 00  7ce7 302e        206 		lwzx		r7,r7,r6
  0000008a 00  54e0 0000        207 		e_stw		r7,temp@sdarx(r0)
  0000007d 03  3b               208 	        .d2line         91
  0000008e 00  4806             209 		se_li		r6,0
  00000090 00  54c0 0000        210 		e_stw		r6,flag@sdarx(r0)
  0000007e 03  1b               211 	        .d2line         92
  00000094 00  4813             212 		se_li		r3,1
                                213 	#$$fn 0x1ff8 0 0 0x1
                                214 	#$$tl 0x8 0x0 0x0
                                215 	#$$rs 0 s
  00000096 00  7800 0001        216 		bl		PIT_StartTimer
  0000007f 03  037b 1a          217 	        .d2line         87
  0000009a 00  50c0 0000        218 		e_lwz		r6,i@sdarx(r0)
  0000009e 00  2006             219 		se_addi		r6,1
  000000a0 00  54c0 0000        220 		e_stw		r6,i@sdarx(r0)
  00000082 03  0307 22          221 	        .d2line         94
  000000a4 00  e8e6             222 		b		.L5781
  00000085 03  0305 12          223 	        .d2line         99
                                224 	#$$be
  00000088 03  0200 0b01        225 		.d2epilogue_begin
                                226 	#$$br
  000000a6 00  1b01 0810        227 		e_lmw		r24,16(r1)
                                228 	#$$er
  000000aa 00  cd01             229 		se_lwz		r0,52(r1)
  000000ac 00  0090             230 		se_mtlr		r0
  000000ae 00  1821 8030        231 		e_addi		r1,r1,48
                                232 	#$$tl 0x0 0x0 0x0
  000000b2 00  0004             233 		se_blr
                                234 	#$$ef
                                235 		.d2_cfa_end 2
                                236 		.section	.debug_info,,n
  000000ba 05  00               237 		.sleb128	0
                                238 	.L5801:
                                239 		.section	.text_vle,,c
                                240 	.L5803:
                                241 		.type		main,@function
                                242 		.size		main,.-main
                                243 	# Number of nodes = 66
                                244 	
                                245 	# Allocations for main
                                246 	#	r31		$$1
                                247 	#	r30		$$2
                                248 	#	r29		$$3
                                249 	#	r28		$$4
                                250 	#	r27		$$5
                                251 	#	r26		$$6
                                252 	#	r25		$$7
                                253 	#	r24		$$8
                                254 	
                                255 	#$$bf
                                256 		.align		2
                                257 		.globl		showData
  0000003c 02  0000 0038 0000   258 		.d2_cfa_start __local_cie
  00000042 02  0000 0000 0000       	
  00000048 02  0000 00e0            	
                                259 	showData:
                                260 		.section	.debug_info,,n
                                261 	.L5810:
  000000bb 05  02               262 		.sleb128	2
  000000bc 05  0000 00ec        263 		.4byte		.L5807-.L2
  000000c0 05  7368 6f77 4461   264 		.byte		"showData"
  000000c6 05  7461                 	
  000000c8 05  00               265 		.byte		0
  000000c9 05  0000 0001        266 		.4byte		.L5804
  000000cd 05  67               267 		.uleb128	103
  000000ce 05  01               268 		.byte		0x1
  000000cf 05  01               269 		.byte		0x1
  000000d0 05  0000 0000        270 		.4byte		.L5808
  000000d4 05  0000 0000        271 		.4byte		.L5809
                                272 		.section	.debug_abbrev,,n
  0000002a 04  03               273 		.uleb128	3
  0000002b 04  05               274 		.uleb128	5
  0000002c 04  00               275 		.byte		0x0
  0000002d 04  3a               276 		.uleb128	58
  0000002e 04  06               277 		.uleb128	6
  0000002f 04  3b               278 		.uleb128	59
  00000030 04  0f               279 		.uleb128	15
  00000031 04  03               280 		.uleb128	3
  00000032 04  08               281 		.uleb128	8
  00000033 04  49               282 		.uleb128	73
  00000034 04  10               283 		.uleb128	16
  00000035 04  02               284 		.uleb128	2
  00000036 04  09               285 		.uleb128	9
  00000037 04  00               286 		.uleb128	0
  00000038 04  00               287 		.uleb128	0
                                288 		.section	.debug_info,,n
                                289 	.L5811:
  000000d8 05  03               290 		.sleb128	3
  000000d9 05  0000 0001        291 		.4byte		.L5804
  000000dd 05  67               292 		.uleb128	103
  000000de 05  7661 6c75 65     293 		.byte		"value"
  000000e3 05  00               294 		.byte		0
  000000e4 05  0000 0000        295 		.4byte		.L5812
  000000e8 05  02               296 		.sleb128	2
  000000e9 05  90               297 		.byte		0x90
  000000ea 05  1f               298 		.uleb128	31
                                299 		.section	.text_vle,,c
  0000008c 03  0305 2a          300 	        .d2line         104
                                301 	.L5808:
  000000b4 00  1821 06b0        302 		e_stwu		r1,-80(r1)
  0000004c 02  410e 50          303 		.d2_cfa_def_cfa_offset	80
  000000b8 00  0080             304 		se_mflr		r0,lr
                                305 	#$$br
  000000ba 00  19e1 090c        306 		e_stmw		r15,12(r1)
  0000004f 02  418f 1190 1091   307 		.d2_cfa_offset_list	15,31,17,-1
  00000055 02  0f92 0e93 0d94       	
  0000005b 02  0c95 0b96 0a97       	
  00000061 02  0998 0899 079a       	
  00000067 02  069b 059c 049d       	
  0000006d 02  039e                 	
                                308 	#$$er
  000000be 00  5401 0054        309 		e_stw		r0,84(r1)
  00000072 02  4111 6c7f        310 		.d2_cfa_offset    108,-1
                                311 	#$$ee
  0000008f 03  0207 0a          312 		.d2prologue_end
  000000c2 00  013f             313 		se_mr		r31,r3
  00000092 03  030a 12          314 	        .d2line         114
  000000c4 00  181f a901        315 		cmpi		0,0,r31,256
  000000c8 00  e516             316 		bc		1,1,.L5788	# gt
  000000ca 00  73d8 e3f9        317 		e_lis		r30,50169
  00000095 03  0303 22          318 	        .d2line         117
  000000ce 00  4806             319 		se_li		r6,0
  000000d0 00  34de 0609        320 		e_stb		r6,1545(r30)
                                321 	#$$vo
  000000d4 00  73b8 e3f9        322 		e_lis		r29,50169
  00000098 03  23               323 	        .d2line         118
  000000d8 00  4816             324 		se_li		r6,1
  000000da 00  34dd 062a        325 		e_stb		r6,1578(r29)
                                326 	#$$vo
  000000de 00  7398 e3f9        327 		e_lis		r28,50169
  00000099 03  23               328 	        .d2line         119
  000000e2 00  4816             329 		se_li		r6,1
  000000e4 00  34dc 060d        330 		e_stb		r6,1549(r28)
                                331 	#$$vo
  000000e8 00  7378 e3f9        332 		e_lis		r27,50169
  0000009a 03  23               333 	        .d2line         120
  000000ec 00  4816             334 		se_li		r6,1
  000000ee 00  34db 060c        335 		e_stb		r6,1548(r27)
                                336 	#$$vo
  000000f2 00  e849             337 		b		.L5789
                                338 	.L5788:
  0000009b 03  0303 1e          339 	        .d2line         123
  000000f4 00  18ff 85fe        340 		e_addi		r7,r31,-257
  000000f8 00  1887 a8ff        341 		cmpli		0,0,r7,255
  000000fc 00  e516             342 		bc		1,1,.L5786	# gt
  000000fe 00  7358 e3f9        343 		e_lis		r26,50169
  0000009e 03  0303 2a          344 	        .d2line         126
  00000102 00  4806             345 		se_li		r6,0
  00000104 00  34da 0609        346 		e_stb		r6,1545(r26)
                                347 	#$$vo
  00000108 00  7338 e3f9        348 		e_lis		r25,50169
  000000a1 03  23               349 	        .d2line         127
  0000010c 00  4806             350 		se_li		r6,0
  0000010e 00  34d9 062a        351 		e_stb		r6,1578(r25)
                                352 	#$$vo
  00000112 00  7318 e3f9        353 		e_lis		r24,50169
  000000a2 03  23               354 	        .d2line         128
  00000116 00  4816             355 		se_li		r6,1
  00000118 00  34d8 060d        356 		e_stb		r6,1549(r24)
                                357 	#$$vo
  0000011c 00  72f8 e3f9        358 		e_lis		r23,50169
  000000a3 03  23               359 	        .d2line         129
  00000120 00  4816             360 		se_li		r6,1
  00000122 00  34d7 060c        361 		e_stb		r6,1548(r23)
                                362 	#$$vo
  00000126 00  e82f             363 		b		.L5789
                                364 	.L5786:
  000000a4 03  0303 1e          365 	        .d2line         132
  00000128 00  18ff 85fd        366 		e_addi		r7,r31,-513
  0000012c 00  1887 a8ff        367 		cmpli		0,0,r7,255
  00000130 00  e516             368 		bc		1,1,.L5784	# gt
  00000132 00  72d8 e3f9        369 		e_lis		r22,50169
  000000a7 03  0303 2a          370 	        .d2line         135
  00000136 00  4806             371 		se_li		r6,0
  00000138 00  34d6 0609        372 		e_stb		r6,1545(r22)
                                373 	#$$vo
  0000013c 00  72b8 e3f9        374 		e_lis		r21,50169
  000000aa 03  23               375 	        .d2line         136
  00000140 00  4806             376 		se_li		r6,0
  00000142 00  34d5 062a        377 		e_stb		r6,1578(r21)
                                378 	#$$vo
  00000146 00  7298 e3f9        379 		e_lis		r20,50169
  000000ab 03  23               380 	        .d2line         137
  0000014a 00  4806             381 		se_li		r6,0
  0000014c 00  34d4 060d        382 		e_stb		r6,1549(r20)
                                383 	#$$vo
  00000150 00  7278 e3f9        384 		e_lis		r19,50169
  000000ac 03  23               385 	        .d2line         138
  00000154 00  4816             386 		se_li		r6,1
  00000156 00  34d3 060c        387 		e_stb		r6,1548(r19)
                                388 	#$$vo
  0000015a 00  e815             389 		b		.L5789
                                390 	.L5784:
  0000015c 00  7258 e3f9        391 		e_lis		r18,50169
  000000ad 03  0305 26          392 	        .d2line         143
  00000160 00  4806             393 		se_li		r6,0
  00000162 00  34d2 0609        394 		e_stb		r6,1545(r18)
                                395 	#$$vo
  00000166 00  7238 e3f9        396 		e_lis		r17,50169
  000000b0 03  23               397 	        .d2line         144
  0000016a 00  4806             398 		se_li		r6,0
  0000016c 00  34d1 062a        399 		e_stb		r6,1578(r17)
                                400 	#$$vo
  00000170 00  7218 e3f9        401 		e_lis		r16,50169
  000000b1 03  23               402 	        .d2line         145
  00000174 00  4806             403 		se_li		r6,0
  00000176 00  34d0 060d        404 		e_stb		r6,1549(r16)
                                405 	#$$vo
  0000017a 00  71f8 e3f9        406 		e_lis		r15,50169
  000000b2 03  23               407 	        .d2line         146
  0000017e 00  4806             408 		se_li		r6,0
  00000180 00  34cf 060c        409 		e_stb		r6,1548(r15)
                                410 	#$$vo
                                411 	.L5789:
  000000b3 03  0335 1a          412 	        .d2line         199
                                413 	#$$be
  000000b6 03  0200 0b01        414 		.d2epilogue_begin
                                415 	#$$br
  00000184 00  19e1 080c        416 		e_lmw		r15,12(r1)
                                417 	#$$er
  00000188 00  5001 0054        418 		e_lwz		r0,84(r1)
  0000018c 00  0090             419 		se_mtlr		r0
  0000018e 00  1821 8050        420 		e_addi		r1,r1,80
                                421 	#$$tl 0x0 0x0 0x0
  00000192 00  0004             422 		se_blr
                                423 	#$$ef
                                424 		.d2_cfa_end 2
                                425 		.section	.debug_info,,n
  000000eb 05  00               426 		.sleb128	0
                                427 	.L5807:
                                428 		.section	.text_vle,,c
                                429 	.L5809:
                                430 		.type		showData,@function
                                431 		.size		showData,.-showData
                                432 	# Number of nodes = 82
                                433 	
                                434 	# Allocations for showData
                                435 	#	r31		value
                                436 	#	r30		$$9
                                437 	#	r29		$$10
                                438 	#	r28		$$11
                                439 	#	r27		$$12
                                440 	#	r26		$$13
                                441 	#	r25		$$14
                                442 	#	r24		$$15
                                443 	#	r23		$$16
                                444 	#	r22		$$17
                                445 	#	r21		$$18
                                446 	#	r20		$$19
                                447 	#	r19		$$20
                                448 	#	r18		$$21
                                449 	#	r17		$$22
                                450 	#	r16		$$23
                                451 	#	r15		$$24
                                452 	
                                453 	#$$bf
                                454 		.align		2
                                455 		.globl		PITCHANNEL0
  00000078 02  0000 001c 0000   456 		.d2_cfa_start __local_cie
  0000007e 02  0000 0000 0000       	
  00000084 02  0000 003a            	
                                457 	PITCHANNEL0:
                                458 		.section	.debug_info,,n
                                459 	.L5817:
  000000ec 05  02               460 		.sleb128	2
  000000ed 05  0000 010e        461 		.4byte		.L5814-.L2
  000000f1 05  5049 5443 4841   462 		.byte		"PITCHANNEL0"
  000000f7 05  4e4e 454c 30         	
  000000fc 05  00               463 		.byte		0
  000000fd 05  0000 0001        464 		.4byte		.L5804
  00000101 05  d201             465 		.uleb128	210
  00000103 05  01               466 		.byte		0x1
  00000104 05  01               467 		.byte		0x1
  00000105 05  0000 0000        468 		.4byte		.L5815
  00000109 05  0000 0000        469 		.4byte		.L5816
                                470 		.section	.text_vle,,c
  000000ba 03  030b 2e          471 	        .d2line         210
                                472 	.L5815:
  00000194 00  1821 06e0        473 		e_stwu		r1,-32(r1)
  00000088 02  410e 20          474 		.d2_cfa_def_cfa_offset	32
  00000198 00  0080             475 		se_mflr		r0,lr
                                476 	#$$br
  0000019a 00  1b81 0910        477 		e_stmw		r28,16(r1)
  0000008b 02  419c 049d 039e   478 		.d2_cfa_offset_list	28,31,4,-1
  00000091 02  029f 01              	
                                479 	#$$er
  0000019e 00  d901             480 		se_stw		r0,36(r1)
  00000094 02  116c 7f          481 		.d2_cfa_offset    108,-1
                                482 	#$$ee
  000000bd 03  0206 0a          483 		.d2prologue_end
  000001a0 00  73f8 e3ff        484 		e_lis		r31,50175
  000000c0 03  18               485 	        .d2line         212
  000001a4 00  1f9f 010c        486 		e_add16i	r28,r31,268
  000001a8 00  c07c             487 		se_lwz		r7,0(r28)
                                488 	#$$vo
  000001aa 00  65f7             489 		se_bseti		r7,31
  000001ac 00  d07c             490 		se_stw		r7,0(r28)
                                491 	#$$vo
  000001ae 00  73d8 e3f9        492 		e_lis		r30,50169
  000000c1 03  2b               493 	        .d2line         213
  000001b2 00  73b8 e3f9        494 		e_lis		r29,50169
  000001b6 00  30dd 060b        495 		e_lbz		r6,1547(r29)
                                496 	#$$vo
  000001ba 00  7cc6 30f8        497 		nor		r6,r6,r6
  000001be 00  34de 060b        498 		e_stb		r6,1547(r30)
                                499 	#$$vo
  000000c2 03  2f               500 	        .d2line         214
                                501 	#$$be
  000000c3 03  0200 0b01        502 		.d2epilogue_begin
                                503 	#$$br
  000001c2 00  1b81 0810        504 		e_lmw		r28,16(r1)
                                505 	#$$er
  000001c6 00  c901             506 		se_lwz		r0,36(r1)
  000001c8 00  0090             507 		se_mtlr		r0
  000001ca 00  21f1             508 		se_addi		r1,32
                                509 	#$$tl 0x0 0x0 0x0
  000001cc 00  0004             510 		se_blr
                                511 	#$$ef
                                512 		.d2_cfa_end 2
                                513 		.section	.debug_info,,n
  0000010d 05  00               514 		.sleb128	0
                                515 	.L5814:
                                516 		.section	.text_vle,,c
                                517 	.L5816:
                                518 		.type		PITCHANNEL0,@function
                                519 		.size		PITCHANNEL0,.-PITCHANNEL0
                                520 	# Number of nodes = 11
                                521 	
                                522 	# Allocations for PITCHANNEL0
                                523 	#	r31		$$25
                                524 	#	r30		$$26
                                525 	#	r29		$$27
                                526 	#	r28		$$28
                                527 	
                                528 	#$$bf
                                529 		.align		2
                                530 		.globl		PITCHANNEL1
  00000098 02  0000 0018 0000   531 		.d2_cfa_start __local_cie
  0000009e 02  0000 0000 0000       	
  000000a4 02  0000 005c            	
                                532 	PITCHANNEL1:
                                533 		.section	.debug_info,,n
                                534 	.L5822:
  0000010e 05  02               535 		.sleb128	2
  0000010f 05  0000 0130        536 		.4byte		.L5819-.L2
  00000113 05  5049 5443 4841   537 		.byte		"PITCHANNEL1"
  00000119 05  4e4e 454c 31         	
  0000011e 05  00               538 		.byte		0
  0000011f 05  0000 0001        539 		.4byte		.L5804
  00000123 05  d801             540 		.uleb128	216
  00000125 05  01               541 		.byte		0x1
  00000126 05  01               542 		.byte		0x1
  00000127 05  0000 0000        543 		.4byte		.L5820
  0000012b 05  0000 0000        544 		.4byte		.L5821
                                545 		.section	.text_vle,,c
  000000c7 03  2c               546 	        .d2line         216
                                547 	.L5820:
  000001d0 00  1821 06f0        548 		e_stwu		r1,-16(r1)
  000000a8 02  410e 10          549 		.d2_cfa_def_cfa_offset	16
  000001d4 00  0080             550 		se_mflr		r0,lr
                                551 	#$$br
  000001d6 00  1bc1 0908        552 		e_stmw		r30,8(r1)
  000000ab 02  419e 029f 01     553 		.d2_cfa_offset_list	30,31,2,-1
                                554 	#$$er
  000001da 00  d501             555 		se_stw		r0,20(r1)
  000000b0 02  116c 7f          556 		.d2_cfa_offset    108,-1
                                557 	#$$ee
  000000c8 03  0206 0a          558 		.d2prologue_end
  000001dc 00  73f8 e3ff        559 		e_lis		r31,50175
  000000cb 03  18               560 	        .d2line         218
  000001e0 00  1fdf 011c        561 		e_add16i	r30,r31,284
  000001e4 00  c07e             562 		se_lwz		r7,0(r30)
                                563 	#$$vo
  000001e6 00  65f7             564 		se_bseti		r7,31
  000001e8 00  d07e             565 		se_stw		r7,0(r30)
                                566 	#$$vo
  000000cc 03  23               567 	        .d2line         219
  000001ea 00  50c0 0000        568 		e_lwz		r6,flag@sdarx(r0)
  000001ee 00  2a06             569 		se_cmpi		r6,0
  000001f0 00  e20b             570 		bc		0,2,.L5793	# ne
  000000cd 03  1f               571 	        .d2line         220
  000001f2 00  50e0 0000        572 		e_lwz		r7,temp@sdarx(r0)
  000001f6 00  70d8 e3f9        573 		e_lis		r6,50169
  000001fa 00  18c6 d106        574 		e_ori		r6,r6,1536
  000001fe 00  0467             575 		se_add		r7,r6
  00000200 00  4805             576 		se_li		r5,0
  00000202 00  9057             577 		se_stb		r5,0(r7)
                                578 	#$$vo
  00000204 00  e80e             579 		b		.L5794
                                580 	.L5793:
  000000ce 03  37               581 	        .d2line         221
  00000206 00  50e0 0000        582 		e_lwz		r7,flag@sdarx(r0)
  0000020a 00  2a17             583 		se_cmpi		r7,1
  0000020c 00  e20a             584 		bc		0,2,.L5794	# ne
  000000cf 03  1f               585 	        .d2line         222
  0000020e 00  50e0 0000        586 		e_lwz		r7,temp@sdarx(r0)
  00000212 00  70d8 e3f9        587 		e_lis		r6,50169
  00000216 00  18c6 d106        588 		e_ori		r6,r6,1536
  0000021a 00  0467             589 		se_add		r7,r6
  0000021c 00  4815             590 		se_li		r5,1
  0000021e 00  9057             591 		se_stb		r5,0(r7)
                                592 	#$$vo
                                593 	.L5794:
  000000d0 03  0303 32          594 	        .d2line         225
                                595 	#$$be
  000000d3 03  0200 0b01        596 		.d2epilogue_begin
                                597 	#$$br
  00000220 00  1bc1 0808        598 		e_lmw		r30,8(r1)
                                599 	#$$er
  00000224 00  c501             600 		se_lwz		r0,20(r1)
  00000226 00  0090             601 		se_mtlr		r0
  00000228 00  20f1             602 		se_addi		r1,16
                                603 	#$$tl 0x0 0x0 0x0
  0000022a 00  0004             604 		se_blr
                                605 	#$$ef
                                606 		.d2_cfa_end 2
                                607 		.section	.debug_info,,n
  0000012f 05  00               608 		.sleb128	0
                                609 	.L5819:
                                610 		.section	.text_vle,,c
                                611 	.L5821:
                                612 		.type		PITCHANNEL1,@function
                                613 		.size		PITCHANNEL1,.-PITCHANNEL1
                                614 	# Number of nodes = 28
                                615 	
                                616 	# Allocations for PITCHANNEL1
                                617 	#	r31		$$29
                                618 	#	r30		$$30
                                619 		.section	.abs.00000040,,c
                                620 	
                                621 	#$$bf
                                622 		.align		2
                                623 		.globl		Ext_Isr
  000000b4 02  0000 0024 0000   624 		.d2_cfa_start __local_cie
  000000ba 02  0000 0000 0000       	
  000000c0 02  0000 0094            	
                                625 	Ext_Isr:
                                626 		.section	.debug_line.abs.00000040,,n
                                627 		.sectionlink	.debug_line
                                628 	.L5830:
                                629 		.section	.abs.00000040,,c
                                630 	.L5826:
  00000000 07                   631 		.0byte		.L5824
  00000000 09  0000 0082 0002   632 		.d2_line_start	.debug_line.abs.00000040
  00000006 09  0000 0013 0201       	
  0000000c 09  ff04 0d00 0101       	
  00000012 09  0101 0000 0001       	
  00000018 09  0000 0100 00         	
                                633 		.section	.debug_info.abs.00000040,,n
                                634 		.sectionlink	.debug_info
                                635 	.L5824:
  00000000 0a  0000 00bb        636 		.4byte		.L5825-.L5823
                                637 	.L5823:
  00000004 0a  0002             638 		.2byte		0x2
  00000006 0a  0000 0000        639 		.4byte		.L9
  0000000a 0a  04               640 		.byte		0x4
  0000000b 0a  01               641 		.sleb128	1
  0000000c 0a  0000 00be        642 		.4byte		.L5829-.L5824
  00000010 0a  433a 5c55 7365   643 		.byte		"C:\\Users\\ASE-Lab\\Desktop\\Unit 1\\Template\\src\\main.c"
  00000016 0a  7273 5c41 5345       	
  0000001c 0a  2d4c 6162 5c44       	
  00000022 0a  6573 6b74 6f70       	
  00000028 0a  5c55 6e69 7420       	
  0000002e 0a  315c                 	
  00000043 0a  00               644 		.byte		0
  00000044 0a  4469 6162 2044   645 		.byte		"Diab Data, Inc:dcc Rel 5.7.0.0:PPC5534"
  0000004a 0a  6174 612c 2049       	
  00000050 0a  6e63 3a64 6363       	
  00000056 0a  2052 656c 2035       	
  0000005c 0a  2e37 2e30 2e30       	
  00000062 0a  3a50                 	
  0000006a 0a  00               646 		.byte		0
  0000006b 0a  433a 5c55 7365   647 		.byte		"C:\\Users\\ASE-Lab\\Desktop\\Unit 1\\Template"
  00000071 0a  7273 5c41 5345       	
  00000077 0a  2d4c 6162 5c44       	
  0000007d 0a  6573 6b74 6f70       	
  00000083 0a  5c55 6e69 7420       	
  00000089 0a  315c                 	
  00000093 0a  00               648 		.byte		0
  00000094 0a  01               649 		.uleb128	1
  00000095 0a  0000 0000        650 		.4byte		.L5826
  00000099 0a  0000 0000        651 		.4byte		.L5827
  0000009d 0a  0000 0000        652 		.4byte		.L5830
                                653 		.section	.debug_abbrev,,n
  00000039 04  04               654 		.uleb128	4
  0000003a 04  2e               655 		.uleb128	46
  0000003b 04  01               656 		.byte		0x1
  0000003c 04  01               657 		.uleb128	1
  0000003d 04  13               658 		.uleb128	19
  0000003e 04  03               659 		.uleb128	3
  0000003f 04  08               660 		.uleb128	8
  00000040 04  3a               661 		.uleb128	58
  00000041 04  06               662 		.uleb128	6
  00000042 04  3b               663 		.uleb128	59
  00000043 04  0f               664 		.uleb128	15
  00000044 04  3f               665 		.uleb128	63
  00000045 04  0c               666 		.uleb128	12
  00000046 04  11               667 		.uleb128	17
  00000047 04  01               668 		.uleb128	1
  00000048 04  12               669 		.uleb128	18
  00000049 04  01               670 		.uleb128	1
  0000004a 04  00               671 		.uleb128	0
  0000004b 04  00               672 		.uleb128	0
                                673 		.section	.debug_info.abs.00000040,,n
                                674 		.sectionlink	.debug_info
                                675 	.L5836:
  000000a1 0a  04               676 		.sleb128	4
  000000a2 0a  0000 00be        677 		.4byte		.L5832-.L5824
  000000a6 0a  4578 745f 4973   678 		.byte		"Ext_Isr"
  000000ac 0a  72                   	
  000000ad 0a  00               679 		.byte		0
  000000ae 0a  0000 0001        680 		.4byte		.L5835
  000000b2 0a  ec01             681 		.uleb128	236
  000000b4 0a  01               682 		.byte		0x1
  000000b5 0a  0000 0000        683 		.4byte		.L5833
  000000b9 0a  0000 0000        684 		.4byte		.L5834
                                685 		.section	.abs.00000040,,c
  0000001d 09  003f 0343 3a5c   686 		.d2file		"C:\\Users\\ASE-Lab\\Desktop\\Unit 1\\Template\\src\\main.c"
  00000023 09  5c55 7365 7273       	
  00000029 09  5c5c 4153 452d       	
  0000002f 09  4c61 625c 5c44       	
  00000035 09  6573 6b74 6f70       	
  0000003b 09  5c5c                 	
  00000060 09  0005 0200 0000   687 	        .d2line         236
  00000066 09  0003 eb01 0e         	
                                688 	.L5833:
  00000000 07  1821 06b0        689 		e_stwu		r1,-80(r1)
  000000c4 02  410e 50          690 		.d2_cfa_def_cfa_offset	80
  00000004 07  d201             691 		se_stw		r0,8(r1)
  00000006 07  00a0             692 		se_mfctr		r0,ctr
  00000008 07  d301             693 		se_stw		r0,12(r1)
  0000000a 07  7c01 02a6        694 		mfspr		r0,xer
  0000000e 07  d401             695 		se_stw		r0,16(r1)
  00000010 07  7c00 0026        696 		mfcr		r0
  00000014 07  d501             697 		se_stw		r0,20(r1)
  00000016 07  0080             698 		se_mflr		r0,lr
  00000018 07  d601             699 		se_stw		r0,24(r1)
                                700 	#$$br
  0000001a 07  dc31             701 		se_stw		r3,48(r1)
  000000c7 02  4683 08          702 		.d2_cfa_offset	3,8
  0000001c 07  dd51             703 		se_stw		r5,52(r1)
  000000ca 02  8507             704 		.d2_cfa_offset	5,7
  0000001e 07  de61             705 		se_stw		r6,56(r1)
  000000cc 02  8606             706 		.d2_cfa_offset	6,6
  00000020 07  df71             707 		se_stw		r7,60(r1)
  000000ce 02  8705             708 		.d2_cfa_offset	7,5
  00000022 07  5561 0040        709 		e_stw		r11,64(r1)
  000000d0 02  418b 04          710 		.d2_cfa_offset	11,4
  00000026 07  5581 0044        711 		e_stw		r12,68(r1)
  000000d3 02  418c 03          712 		.d2_cfa_offset	12,3
  0000002a 07  57c1 0048        713 		e_stw		r30,72(r1)
  000000d6 02  419e 02          714 		.d2_cfa_offset	30,2
  0000002e 07  57e1 004c        715 		e_stw		r31,76(r1)
  000000d9 02  419f 01          716 		.d2_cfa_offset	31,1
                                717 	#$$er
                                718 	#$$ee
  0000006b 09  0219 0a          719 		.d2prologue_end
  00000032 07  73ff e7f5        720 		e_lis		r31,65525
  0000006e 09  17               721 	        .d2line         237
  00000036 07  50df 8010        722 		e_lwz		r6,-32752(r31)
                                723 	#$$vo
  0000003a 07  74cb f5ff        724 		e_rlwinm		r11,r6,30,23,31
  0000003e 07  180b a83b        725 		cmpi		0,0,r11,59
  00000042 07  e605             726 		bc		1,2,.L5797
  00000044 07  180b a83c        727 		cmpi		0,0,r11,60
  00000048 07  e605             728 		bc		1,2,.L5798
  0000004a 07  e806             729 		b		.L5796
                                730 	.L5797:
  0000006f 09  3c               731 	        .d2line         239
  00000070 09  10               732 	        .d2line         241
                                733 	#$$fn 0xc0 0 0 0x0
                                734 	#$$tl 0x0 0x0 0x0
                                735 	#$$rs 0 s
  0000004c 07  7800 0001        736 		bl		PITCHANNEL0
  00000071 09  17               737 	        .d2line         242
  00000050 07  e803             738 		b		.L5796
                                739 	.L5798:
  00000072 09  13               740 	        .d2line         243
  00000073 09  10               741 	        .d2line         245
                                742 	#$$fn 0xe0 0 0 0x0
                                743 	#$$tl 0x0 0x0 0x0
                                744 	#$$rs 0 s
  00000052 07  7800 0001        745 		bl		PITCHANNEL1
                                746 	.L5796:
  00000056 07  73df e7f5        747 		e_lis		r30,65525
  00000074 09  0306 1e          748 	        .d2line         251
  0000005a 07  4806             749 		se_li		r6,0
  0000005c 07  54de 8018        750 		e_stw		r6,-32744(r30)
                                751 	#$$vo
  00000077 09  1b               752 	        .d2line         252
                                753 	#$$be
  00000078 09  0200 0b01        754 		.d2epilogue_begin
                                755 	#$$br
  00000060 07  cc31             756 		se_lwz		r3,48(r1)
  00000062 07  cd51             757 		se_lwz		r5,52(r1)
  00000064 07  ce61             758 		se_lwz		r6,56(r1)
  00000066 07  cf71             759 		se_lwz		r7,60(r1)
  00000068 07  5161 0040        760 		e_lwz		r11,64(r1)
  0000006c 07  5181 0044        761 		e_lwz		r12,68(r1)
  00000070 07  53c1 0048        762 		e_lwz		r30,72(r1)
  00000074 07  53e1 004c        763 		e_lwz		r31,76(r1)
                                764 	#$$er
  00000078 07  c601             765 		se_lwz		r0,24(r1)
  0000007a 07  0090             766 		se_mtlr		r0
  0000007c 07  c501             767 		se_lwz		r0,20(r1)
  0000007e 07  7c0f f120        768 		mtcrf		0xff,r0
  00000082 07  c401             769 		se_lwz		r0,16(r1)
  00000084 07  7c01 03a6        770 		mtspr		xer,r0
  00000088 07  c301             771 		se_lwz		r0,12(r1)
  0000008a 07  00b0             772 		se_mtctr		r0
  0000008c 07  c201             773 		se_lwz		r0,8(r1)
  0000008e 07  1821 8050        774 		e_addi		r1,r1,80
                                775 	#$$tl 0x0 0x0 0x0
  00000092 07  0008             776 		se_rfi
                                777 	#$$ef
                                778 		.d2_cfa_end 2
                                779 		.section	.debug_info.abs.00000040,,n
                                780 		.sectionlink	.debug_info
  000000bd 0a  00               781 		.sleb128	0
                                782 	.L5832:
                                783 		.section	.abs.00000040,,c
                                784 	.L5834:
                                785 		.type		Ext_Isr,@function
                                786 		.size		Ext_Isr,.-Ext_Isr
                                787 	# Number of nodes = 15
                                788 	
                                789 	# Allocations for Ext_Isr
                                790 	#	r31		$$31
                                791 	#	r30		$$32
                                792 	
                                793 	# Allocations for module
                                794 		.section	.debug_abbrev,,n
  0000004c 04  05               795 		.uleb128	5
  0000004d 04  34               796 		.uleb128	52
  0000004e 04  00               797 		.byte		0x0
  0000004f 04  3f               798 		.uleb128	63
  00000050 04  0c               799 		.uleb128	12
  00000051 04  3a               800 		.uleb128	58
  00000052 04  06               801 		.uleb128	6
  00000053 04  3b               802 		.uleb128	59
  00000054 04  0f               803 		.uleb128	15
  00000055 04  03               804 		.uleb128	3
  00000056 04  08               805 		.uleb128	8
  00000057 04  49               806 		.uleb128	73
  00000058 04  10               807 		.uleb128	16
  00000059 04  02               808 		.uleb128	2
  0000005a 04  09               809 		.uleb128	9
  0000005b 04  00               810 		.uleb128	0
  0000005c 04  00               811 		.uleb128	0
                                812 		.section	.debug_info,,n
                                813 	.L5837:
  00000130 05  05               814 		.sleb128	5
  00000131 05  01               815 		.byte		0x1
  00000132 05  0000 0001        816 		.4byte		.L5804
  00000136 05  0a               817 		.uleb128	10
  00000137 05  7661 6c75 65     818 		.byte		"value"
  0000013c 05  00               819 		.byte		0
  0000013d 05  0000 0000        820 		.4byte		.L5812
  00000141 05  05               821 		.sleb128	5
  00000142 05  03               822 		.byte		0x3
  00000143 05  0000 0000        823 		.4byte		value
                                824 		.sbss
                                825 		.type		value,@object
                                826 		.size		value,4
                                827 		.align		2
                                828 		.globl		value
                                829 	value:
                                830 		.space		4
                                831 		.section	.debug_info,,n
                                832 	.L5838:
  00000147 05  05               833 		.sleb128	5
  00000148 05  01               834 		.byte		0x1
  00000149 05  0000 0001        835 		.4byte		.L5804
  0000014d 05  0b               836 		.uleb128	11
  0000014e 05  6172 724c 6564   837 		.byte		"arrLed"
  00000154 05  00               838 		.byte		0
  00000155 05  0000 0000        839 		.4byte		.L5839
  00000159 05  05               840 		.sleb128	5
  0000015a 05  03               841 		.byte		0x3
  0000015b 05  0000 0000        842 		.4byte		arrLed
                                843 		.data
                                844 		.type		arrLed,@object
                                845 		.size		arrLed,32
                                846 		.align		2
                                847 		.globl		arrLed
                                848 	arrLed:
  00000000 0c  0000 0009        849 		.long		9
  00000004 0c  0000 002a        850 		.long		42
  00000008 0c  0000 000d        851 		.long		13
  0000000c 0c  0000 000c        852 		.long		12
  00000010 0c  0000 003e        853 		.long		62
  00000014 0c  0000 003d        854 		.long		61
  00000018 0c  0000 003b        855 		.long		59
  0000001c 0c  0000 000b        856 		.long		11
                                857 		.section	.debug_info,,n
                                858 	.L5841:
  0000015f 05  05               859 		.sleb128	5
  00000160 05  01               860 		.byte		0x1
  00000161 05  0000 0001        861 		.4byte		.L5804
  00000165 05  0d               862 		.uleb128	13
  00000166 05  6a               863 		.byte		"j"
  00000167 05  00               864 		.byte		0
  00000168 05  0000 0000        865 		.4byte		.L5812
  0000016c 05  05               866 		.sleb128	5
  0000016d 05  03               867 		.byte		0x3
  0000016e 05  0000 0000        868 		.4byte		j
                                869 		.sbss
                                870 		.type		j,@object
                                871 		.size		j,4
                                872 		.align		2
                                873 		.globl		j
                                874 	j:
                                875 		.space		4
                                876 		.section	.debug_info,,n
                                877 	.L5842:
  00000172 05  05               878 		.sleb128	5
  00000173 05  01               879 		.byte		0x1
  00000174 05  0000 0001        880 		.4byte		.L5804
  00000178 05  0c               881 		.uleb128	12
  00000179 05  69               882 		.byte		"i"
  0000017a 05  00               883 		.byte		0
  0000017b 05  0000 0000        884 		.4byte		.L5812
  0000017f 05  05               885 		.sleb128	5
  00000180 05  03               886 		.byte		0x3
  00000181 05  0000 0000        887 		.4byte		i
                                888 		.sdata
                                889 		.align		2
                                890 	#	Begin local data area
                                891 	#	LDA + 0
                                892 		.type		i,@object
                                893 		.size		i,4
                                894 		.align		2
                                895 		.globl		i
                                896 	i:
                                897 		.space		4
                                898 		.section	.debug_info,,n
                                899 	.L5843:
  00000185 05  05               900 		.sleb128	5
  00000186 05  01               901 		.byte		0x1
  00000187 05  0000 0001        902 		.4byte		.L5804
  0000018b 05  0e               903 		.uleb128	14
  0000018c 05  7465 6d70        904 		.byte		"temp"
  00000190 05  00               905 		.byte		0
  00000191 05  0000 0000        906 		.4byte		.L5812
  00000195 05  05               907 		.sleb128	5
  00000196 05  03               908 		.byte		0x3
  00000197 05  0000 0000        909 		.4byte		temp
                                910 		.sdata
                                911 	#	LDA + 4
                                912 		.type		temp,@object
                                913 		.size		temp,4
                                914 		.align		2
                                915 		.globl		temp
                                916 	temp:
                                917 		.space		4
                                918 		.section	.debug_info,,n
                                919 	.L5844:
  0000019b 05  05               920 		.sleb128	5
  0000019c 05  01               921 		.byte		0x1
  0000019d 05  0000 0001        922 		.4byte		.L5804
  000001a1 05  0f               923 		.uleb128	15
  000001a2 05  666c 6167        924 		.byte		"flag"
  000001a6 05  00               925 		.byte		0
  000001a7 05  0000 0000        926 		.4byte		.L5812
  000001ab 05  05               927 		.sleb128	5
  000001ac 05  03               928 		.byte		0x3
  000001ad 05  0000 0000        929 		.4byte		flag
                                930 		.sdata
                                931 	#	LDA + 8
                                932 		.type		flag,@object
                                933 		.size		flag,4
                                934 		.align		2
                                935 		.globl		flag
                                936 	flag:
                                937 		.space		4
                                938 		.section	.debug_abbrev,,n
  0000005d 04  06               939 		.uleb128	6
  0000005e 04  24               940 		.uleb128	36
  0000005f 04  00               941 		.byte		0x0
  00000060 04  03               942 		.uleb128	3
  00000061 04  08               943 		.uleb128	8
  00000062 04  3e               944 		.uleb128	62
  00000063 04  0b               945 		.uleb128	11
  00000064 04  0b               946 		.uleb128	11
  00000065 04  0b               947 		.uleb128	11
  00000066 04  00               948 		.uleb128	0
  00000067 04  00               949 		.uleb128	0
                                950 		.section	.debug_info,,n
                                951 	.L5812:
  000001b1 05  06               952 		.sleb128	6
  000001b2 05  696e 74          953 		.byte		"int"
  000001b5 05  00               954 		.byte		0
  000001b6 05  05               955 		.byte		0x5
  000001b7 05  04               956 		.byte		0x4
                                957 		.section	.debug_abbrev,,n
  00000068 04  07               958 		.uleb128	7
  00000069 04  01               959 		.uleb128	1
  0000006a 04  01               960 		.byte		0x1
  0000006b 04  01               961 		.uleb128	1
  0000006c 04  13               962 		.uleb128	19
  0000006d 04  49               963 		.uleb128	73
  0000006e 04  10               964 		.uleb128	16
  0000006f 04  00               965 		.uleb128	0
  00000070 04  00               966 		.uleb128	0
                                967 		.section	.debug_info,,n
                                968 	.L5839:
  000001b8 05  07               969 		.sleb128	7
  000001b9 05  0000 01c4        970 		.4byte		.L5840-.L2
  000001bd 05  0000 0000        971 		.4byte		.L5812
                                972 		.section	.debug_abbrev,,n
  00000071 04  08               973 		.uleb128	8
  00000072 04  21               974 		.uleb128	33
  00000073 04  00               975 		.byte		0x0
  00000074 04  2f               976 		.uleb128	47
  00000075 04  0f               977 		.uleb128	15
  00000076 04  00               978 		.uleb128	0
  00000077 04  00               979 		.uleb128	0
                                980 		.section	.debug_info,,n
  000001c1 05  08               981 		.sleb128	8
  000001c2 05  07               982 		.uleb128	7
  000001c3 05  00               983 		.sleb128	0
                                984 	.L5840:
                                985 	.L7:
  000001c4 05  00               986 		.sleb128	0
                                987 	.L3:
                                988 		.section	.text_vle,,c
                                989 	.L5:
                                990 	.L5804:	.d2filenum "C:\\Users\\ASE-Lab\\Desktop\\Unit 1\\Template\\src\\main.c"
  000000d7 03  0005 0200 0000   991 		.d2_line_end
  000000dd 03  0000 0101            	
                                992 		.section	.debug_info.abs.00000040,,n
                                993 		.sectionlink	.debug_info
                                994 	.L5829:
  000000be 0a  00               995 		.sleb128	0
                                996 	.L5825:
                                997 		.section	.abs.00000040,,c
                                998 	.L5827:
                                999 	.L5835:	.d2filenum "C:\\Users\\ASE-Lab\\Desktop\\Unit 1\\Template\\src\\main.c"
  0000007c 09  0005 0200 0000  1000 		.d2_line_end
  00000082 09  0000 0101            	
                               1001 		.section	.debug_abbrev,,n
  00000078 04  00              1002 		.sleb128	0
